<?xml version="1.0" encoding="UTF-8"?>
<testng-results skipped="0" failed="0" ignored="0" total="1" passed="1">
  <reporter-output>
  </reporter-output>
  <suite name="Default suite" duration-ms="74908" started-at="2020-12-04T08:11:00Z" finished-at="2020-12-04T08:12:15Z">
    <groups>
    </groups>
    <test name="Default test" duration-ms="74908" started-at="2020-12-04T08:11:00Z" finished-at="2020-12-04T08:12:15Z">
      <class name="com.app.chrome.Chrome">
        <test-method status="PASS" signature="connections()[pri:0, instance:com.app.chrome.Chrome@289d1c02]" name="connections" duration-ms="74749" started-at="2020-12-04T08:11:00Z" finished-at="2020-12-04T08:12:15Z">
          <reporter-output>
          </reporter-output>
        </test-method> <!-- connections -->
      </class> <!-- com.app.chrome.Chrome -->
    </test> <!-- Default test -->
  </suite> <!-- Default suite -->
</testng-results>
