<?xml version="1.0" encoding="UTF-8"?>
<testng-results skipped="0" failed="0" ignored="0" total="1" passed="1">
  <reporter-output>
  </reporter-output>
  <suite name="Default suite" duration-ms="28680" started-at="2020-11-26T14:32:27Z" finished-at="2020-11-26T14:32:56Z">
    <groups>
    </groups>
    <test name="Default test" duration-ms="28680" started-at="2020-11-26T14:32:27Z" finished-at="2020-11-26T14:32:56Z">
      <class name="action.different.Swap">
        <test-method status="PASS" signature="swap()[pri:0, instance:action.different.Swap@7403c468]" name="swap" duration-ms="28351" started-at="2020-11-26T14:32:27Z" finished-at="2020-11-26T14:32:55Z">
          <reporter-output>
          </reporter-output>
        </test-method> <!-- swap -->
      </class> <!-- action.different.Swap -->
    </test> <!-- Default test -->
  </suite> <!-- Default suite -->
</testng-results>
